{"C:\\Users\\Acer\\Desktop\\Easy_Code_Tatyana\\Easy_Code_React\\CryptoCompare\\src\\pages\\coins\\Coins.jsx": {"path":"C:\\Users\\Acer\\Desktop\\Easy_Code_Tatyana\\Easy_Code_React\\CryptoCompare\\src\\pages\\coins\\Coins.jsx","statementMap":{"0":{"start":{"line":9,"column":12},"end":{"line":13,"column":5}},"1":{"start":{"line":16,"column":12},"end":{"line":27,"column":18}},"2":{"start":{"line":20,"column":20},"end":{"line":20,"column":43}},"3":{"start":{"line":23,"column":20},"end":{"line":23,"column":119}},"4":{"start":{"line":23,"column":97},"end":{"line":23,"column":115}},"5":{"start":{"line":26,"column":20},"end":{"line":26,"column":37}},"6":{"start":{"line":30,"column":26},"end":{"line":32,"column":5}},"7":{"start":{"line":31,"column":8},"end":{"line":31,"column":54}},"8":{"start":{"line":34,"column":30},"end":{"line":36,"column":5}},"9":{"start":{"line":35,"column":8},"end":{"line":35,"column":100}},"10":{"start":{"line":35,"column":40},"end":{"line":35,"column":98}},"11":{"start":{"line":39,"column":38},"end":{"line":39,"column":48}},"12":{"start":{"line":41,"column":8},"end":{"line":47,"column":9}}},"fnMap":{"0":{"name":"(anonymous_0)","decl":{"start":{"line":15,"column":4},"end":{"line":15,"column":5}},"loc":{"start":{"line":15,"column":24},"end":{"line":28,"column":9}},"line":15},"1":{"name":"(anonymous_1)","decl":{"start":{"line":19,"column":22},"end":{"line":19,"column":23}},"loc":{"start":{"line":19,"column":36},"end":{"line":21,"column":17}},"line":19},"2":{"name":"(anonymous_2)","decl":{"start":{"line":22,"column":22},"end":{"line":22,"column":23}},"loc":{"start":{"line":22,"column":36},"end":{"line":24,"column":17}},"line":22},"3":{"name":"(anonymous_3)","decl":{"start":{"line":23,"column":90},"end":{"line":23,"column":91}},"loc":{"start":{"line":23,"column":97},"end":{"line":23,"column":115}},"line":23},"4":{"name":"(anonymous_4)","decl":{"start":{"line":25,"column":23},"end":{"line":25,"column":24}},"loc":{"start":{"line":25,"column":32},"end":{"line":27,"column":17}},"line":25},"5":{"name":"(anonymous_5)","decl":{"start":{"line":30,"column":26},"end":{"line":30,"column":27}},"loc":{"start":{"line":30,"column":37},"end":{"line":32,"column":5}},"line":30},"6":{"name":"(anonymous_6)","decl":{"start":{"line":34,"column":30},"end":{"line":34,"column":31}},"loc":{"start":{"line":34,"column":53},"end":{"line":36,"column":5}},"line":34},"7":{"name":"(anonymous_7)","decl":{"start":{"line":35,"column":32},"end":{"line":35,"column":33}},"loc":{"start":{"line":35,"column":40},"end":{"line":35,"column":98}},"line":35},"8":{"name":"(anonymous_8)","decl":{"start":{"line":38,"column":4},"end":{"line":38,"column":5}},"loc":{"start":{"line":38,"column":13},"end":{"line":48,"column":5}},"line":38}},"branchMap":{},"s":{"0":4,"1":4,"2":0,"3":0,"4":0,"5":0,"6":4,"7":0,"8":4,"9":5,"10":21,"11":4,"12":4},"f":{"0":4,"1":0,"2":0,"3":0,"4":0,"5":0,"6":5,"7":21,"8":4},"b":{},"_coverageSchema":"43e27e138ebf9cfc5966b082cf9a028302ed4184","hash":"34e21133dce93bc8c219056c7073dcb53d20b82d"}
}
