TN:
SF:C:\Users\Acer\Desktop\Easy_Code_Tatyana\Easy_Code_React\CryptoCompare\src\pages\coins\Coins.jsx
FN:15,(anonymous_0)
FN:19,(anonymous_1)
FN:22,(anonymous_2)
FN:23,(anonymous_3)
FN:25,(anonymous_4)
FN:30,(anonymous_5)
FN:34,(anonymous_6)
FN:35,(anonymous_7)
FN:38,(anonymous_8)
FNF:9
FNH:4
FNDA:4,(anonymous_0)
FNDA:0,(anonymous_1)
FNDA:0,(anonymous_2)
FNDA:0,(anonymous_3)
FNDA:0,(anonymous_4)
FNDA:0,(anonymous_5)
FNDA:5,(anonymous_6)
FNDA:21,(anonymous_7)
FNDA:4,(anonymous_8)
DA:9,4
DA:16,4
DA:20,0
DA:23,0
DA:26,0
DA:30,4
DA:31,0
DA:34,4
DA:35,21
DA:39,4
DA:41,4
LF:11
LH:7
BRF:0
BRH:0
end_of_record
